<?xml version="1.0" encoding="UTF-8"?>
<robot generator="Robot 7.3.2 (Python 3.13.5 on darwin)" generated="2025-11-17T11:43:13.165906" rpa="false" schemaversion="5">
<suite id="s1" name="Tests" source="/Users/daulettoleugazy/Desktop/KBTU/QA/Assignment2/tests">
<suite id="s1-s1" name="Buy" source="/Users/daulettoleugazy/Desktop/KBTU/QA/Assignment2/tests/buy.robot">
<test id="s1-s1-t1" name="Buy on Chrome" line="11">
<kw name="Buy" owner="resources">
<msg time="2025-11-17T11:43:13.302944" level="FAIL">Variable '&amp;{CAPS_CHROME}' not found.</msg>
<arg>Chrome</arg>
<arg>&amp;{CAPS_CHROME}</arg>
<status status="FAIL" start="2025-11-17T11:43:13.302564" elapsed="0.000410">Variable '&amp;{CAPS_CHROME}' not found.</status>
</kw>
<status status="FAIL" start="2025-11-17T11:43:13.302192" elapsed="0.000890">Variable '&amp;{CAPS_CHROME}' not found.</status>
</test>
<test id="s1-s1-t2" name="Login on Firefox" line="14">
<kw name="Buy" owner="resources">
<msg time="2025-11-17T11:43:13.303637" level="FAIL">Variable '&amp;{CAPS_FIREFOX}' not found.</msg>
<arg>Firefox</arg>
<arg>&amp;{CAPS_FIREFOX}</arg>
<status status="FAIL" start="2025-11-17T11:43:13.303359" elapsed="0.000296">Variable '&amp;{CAPS_FIREFOX}' not found.</status>
</kw>
<status status="FAIL" start="2025-11-17T11:43:13.303184" elapsed="0.000548">Variable '&amp;{CAPS_FIREFOX}' not found.</status>
</test>
<test id="s1-s1-t3" name="Login on Safari" line="17">
<kw name="Buy" owner="resources">
<msg time="2025-11-17T11:43:13.304268" level="FAIL">Variable '&amp;{CAPS_SAFARI}' not found.</msg>
<arg>Safari</arg>
<arg>&amp;{CAPS_SAFARI}</arg>
<status status="FAIL" start="2025-11-17T11:43:13.303962" elapsed="0.000327">Variable '&amp;{CAPS_SAFARI}' not found.</status>
</kw>
<status status="FAIL" start="2025-11-17T11:43:13.303814" elapsed="0.000560">Variable '&amp;{CAPS_SAFARI}' not found.</status>
</test>
<kw name="Close Browser" owner="resources" type="TEARDOWN">
<kw name="Close All Browsers" owner="SeleniumLibrary">
<doc>Closes all open browsers and resets the browser cache.</doc>
<status status="PASS" start="2025-11-17T11:43:13.304874" elapsed="0.000229"/>
</kw>
<status status="PASS" start="2025-11-17T11:43:13.304589" elapsed="0.000548"/>
</kw>
<status status="FAIL" start="2025-11-17T11:43:13.182488" elapsed="0.122666"/>
</suite>
<suite id="s1-s2" name="Login" source="/Users/daulettoleugazy/Desktop/KBTU/QA/Assignment2/tests/login.robot">
<test id="s1-s2-t1" name="Login on Chrome" line="11">
<kw name="Log in" owner="resources">
<msg time="2025-11-17T11:43:13.307056" level="FAIL">Variable '&amp;{CAPS_CHROME}' not found.</msg>
<arg>Chrome</arg>
<arg>&amp;{CAPS_CHROME}</arg>
<status status="FAIL" start="2025-11-17T11:43:13.306730" elapsed="0.000363">Variable '&amp;{CAPS_CHROME}' not found.</status>
</kw>
<status status="FAIL" start="2025-11-17T11:43:13.306587" elapsed="0.000618">Variable '&amp;{CAPS_CHROME}' not found.</status>
</test>
<test id="s1-s2-t2" name="Login on Firefox" line="14">
<kw name="Log in" owner="resources">
<msg time="2025-11-17T11:43:13.307751" level="FAIL">Variable '&amp;{CAPS_FIREFOX}' not found.</msg>
<arg>Firefox</arg>
<arg>&amp;{CAPS_FIREFOX}</arg>
<status status="FAIL" start="2025-11-17T11:43:13.307458" elapsed="0.000313">Variable '&amp;{CAPS_FIREFOX}' not found.</status>
</kw>
<status status="FAIL" start="2025-11-17T11:43:13.307298" elapsed="0.000546">Variable '&amp;{CAPS_FIREFOX}' not found.</status>
</test>
<test id="s1-s2-t3" name="Login on Safari" line="17">
<kw name="Log in" owner="resources">
<msg time="2025-11-17T11:43:13.308345" level="FAIL">Variable '&amp;{CAPS_SAFARI}' not found.</msg>
<arg>Safari</arg>
<arg>&amp;{CAPS_SAFARI}</arg>
<status status="FAIL" start="2025-11-17T11:43:13.308066" elapsed="0.000297">Variable '&amp;{CAPS_SAFARI}' not found.</status>
</kw>
<status status="FAIL" start="2025-11-17T11:43:13.307925" elapsed="0.000508">Variable '&amp;{CAPS_SAFARI}' not found.</status>
</test>
<kw name="Close Browser" owner="resources" type="TEARDOWN">
<kw name="Close All Browsers" owner="SeleniumLibrary">
<doc>Closes all open browsers and resets the browser cache.</doc>
<status status="PASS" start="2025-11-17T11:43:13.308701" elapsed="0.000073"/>
</kw>
<status status="PASS" start="2025-11-17T11:43:13.308600" elapsed="0.000208"/>
</kw>
<status status="FAIL" start="2025-11-17T11:43:13.305345" elapsed="0.003479"/>
</suite>
<suite id="s1-s3" name="Logout" source="/Users/daulettoleugazy/Desktop/KBTU/QA/Assignment2/tests/logout.robot">
<test id="s1-s3-t1" name="Logout on Chrome" line="11">
<kw name="Log out" owner="resources">
<msg time="2025-11-17T11:43:13.310894" level="FAIL">Variable '&amp;{CAPS_CHROME}' not found.</msg>
<arg>Chrome</arg>
<arg>&amp;{CAPS_CHROME}</arg>
<status status="FAIL" start="2025-11-17T11:43:13.310596" elapsed="0.000318">Variable '&amp;{CAPS_CHROME}' not found.</status>
</kw>
<status status="FAIL" start="2025-11-17T11:43:13.310431" elapsed="0.000559">Variable '&amp;{CAPS_CHROME}' not found.</status>
</test>
<test id="s1-s3-t2" name="Logout on Firefox" line="14">
<kw name="Log out" owner="resources">
<msg time="2025-11-17T11:43:13.311470" level="FAIL">Variable '&amp;{CAPS_FIREFOX}' not found.</msg>
<arg>Firefox</arg>
<arg>&amp;{CAPS_FIREFOX}</arg>
<status status="FAIL" start="2025-11-17T11:43:13.311205" elapsed="0.000281">Variable '&amp;{CAPS_FIREFOX}' not found.</status>
</kw>
<status status="FAIL" start="2025-11-17T11:43:13.311069" elapsed="0.000484">Variable '&amp;{CAPS_FIREFOX}' not found.</status>
</test>
<test id="s1-s3-t3" name="Logout on Safari" line="17">
<kw name="Log out" owner="resources">
<msg time="2025-11-17T11:43:13.312157" level="FAIL">Variable '&amp;{CAPS_SAFARI}' not found.</msg>
<arg>Safari</arg>
<arg>&amp;{CAPS_SAFARI}</arg>
<status status="FAIL" start="2025-11-17T11:43:13.311888" elapsed="0.000286">Variable '&amp;{CAPS_SAFARI}' not found.</status>
</kw>
<status status="FAIL" start="2025-11-17T11:43:13.311627" elapsed="0.000616">Variable '&amp;{CAPS_SAFARI}' not found.</status>
</test>
<kw name="Close Browser" owner="resources" type="TEARDOWN">
<kw name="Close All Browsers" owner="SeleniumLibrary">
<doc>Closes all open browsers and resets the browser cache.</doc>
<status status="PASS" start="2025-11-17T11:43:13.312483" elapsed="0.000066"/>
</kw>
<status status="PASS" start="2025-11-17T11:43:13.312395" elapsed="0.000186"/>
</kw>
<status status="FAIL" start="2025-11-17T11:43:13.309013" elapsed="0.003583"/>
</suite>
<suite id="s1-s4" name="Signup" source="/Users/daulettoleugazy/Desktop/KBTU/QA/Assignment2/tests/signup.robot">
<test id="s1-s4-t1" name="SignUp on Chrome" line="11">
<kw name="Sign Up" owner="resources">
<msg time="2025-11-17T11:43:13.314768" level="FAIL">Variable '&amp;{CAPS_CHROME}' not found.</msg>
<arg>Chrome</arg>
<arg>&amp;{CAPS_CHROME}</arg>
<status status="FAIL" start="2025-11-17T11:43:13.314443" elapsed="0.000348">Variable '&amp;{CAPS_CHROME}' not found.</status>
</kw>
<status status="FAIL" start="2025-11-17T11:43:13.314259" elapsed="0.000619">Variable '&amp;{CAPS_CHROME}' not found.</status>
</test>
<test id="s1-s4-t2" name="SignUp on Firefox" line="14">
<kw name="Sign Up" owner="resources">
<msg time="2025-11-17T11:43:13.315379" level="FAIL">Variable '&amp;{CAPS_FIREFOX}' not found.</msg>
<arg>Firefox</arg>
<arg>&amp;{CAPS_FIREFOX}</arg>
<status status="FAIL" start="2025-11-17T11:43:13.315103" elapsed="0.000293">Variable '&amp;{CAPS_FIREFOX}' not found.</status>
</kw>
<status status="FAIL" start="2025-11-17T11:43:13.314964" elapsed="0.000501">Variable '&amp;{CAPS_FIREFOX}' not found.</status>
</test>
<test id="s1-s4-t3" name="SignUp on Safari" line="17">
<kw name="Sign Up" owner="resources">
<msg time="2025-11-17T11:43:13.315953" level="FAIL">Variable '&amp;{CAPS_SAFARI}' not found.</msg>
<arg>Safari</arg>
<arg>&amp;{CAPS_SAFARI}</arg>
<status status="FAIL" start="2025-11-17T11:43:13.315675" elapsed="0.000296">Variable '&amp;{CAPS_SAFARI}' not found.</status>
</kw>
<status status="FAIL" start="2025-11-17T11:43:13.315543" elapsed="0.000494">Variable '&amp;{CAPS_SAFARI}' not found.</status>
</test>
<kw name="Close Browser" owner="resources" type="TEARDOWN">
<kw name="Close All Browsers" owner="SeleniumLibrary">
<doc>Closes all open browsers and resets the browser cache.</doc>
<status status="PASS" start="2025-11-17T11:43:13.316274" elapsed="0.000106"/>
</kw>
<status status="PASS" start="2025-11-17T11:43:13.316188" elapsed="0.000222"/>
</kw>
<status status="FAIL" start="2025-11-17T11:43:13.312776" elapsed="0.003650"/>
</suite>
<status status="FAIL" start="2025-11-17T11:43:13.167088" elapsed="0.149554"/>
</suite>
<statistics>
<total>
<stat pass="0" fail="12" skip="0">All Tests</stat>
</total>
<tag>
</tag>
<suite>
<stat name="Tests" id="s1" pass="0" fail="12" skip="0">Tests</stat>
<stat name="Buy" id="s1-s1" pass="0" fail="3" skip="0">Tests.Buy</stat>
<stat name="Login" id="s1-s2" pass="0" fail="3" skip="0">Tests.Login</stat>
<stat name="Logout" id="s1-s3" pass="0" fail="3" skip="0">Tests.Logout</stat>
<stat name="Signup" id="s1-s4" pass="0" fail="3" skip="0">Tests.Signup</stat>
</suite>
</statistics>
<errors>
<msg time="2025-11-17T11:43:13.301841" level="ERROR">Error in file '/Users/daulettoleugazy/Desktop/KBTU/QA/Assignment2/resources/resources.robot' on line 5: Processing variable file '/Users/daulettoleugazy/Desktop/KBTU/QA/Assignment2/resources/browserstack.py' failed: Importing variable file '/Users/daulettoleugazy/Desktop/KBTU/QA/Assignment2/resources/browserstack.py' failed: ImportError: cannot import name 'USER_NAME' from 'browserstack_credentials' (/Users/daulettoleugazy/Desktop/KBTU/QA/Assignment2/resources/browserstack_credentials.py)
Traceback (most recent call last):
  File "/Users/daulettoleugazy/Desktop/KBTU/QA/Assignment2/resources/browserstack.py", line 1, in &lt;module&gt;
    from browserstack_credentials import USER_NAME, ACCESS_KEY
PYTHONPATH:
  /Users/daulettoleugazy/Desktop/KBTU/QA/Assignment2/resources
  /opt/anaconda3/bin
  /opt/anaconda3/lib/python313.zip
  /opt/anaconda3/lib/python3.13
  /opt/anaconda3/lib/python3.13/lib-dynload
  /opt/anaconda3/lib/python3.13/site-packages
  /opt/anaconda3/lib/python3.13/site-packages/aeosa</msg>
<msg time="2025-11-17T11:43:13.306383" level="ERROR">Error in file '/Users/daulettoleugazy/Desktop/KBTU/QA/Assignment2/resources/resources.robot' on line 5: Processing variable file '/Users/daulettoleugazy/Desktop/KBTU/QA/Assignment2/resources/browserstack.py' failed: Importing variable file '/Users/daulettoleugazy/Desktop/KBTU/QA/Assignment2/resources/browserstack.py' failed: ImportError: cannot import name 'USER_NAME' from 'browserstack_credentials' (/Users/daulettoleugazy/Desktop/KBTU/QA/Assignment2/resources/browserstack_credentials.py)
Traceback (most recent call last):
  File "/Users/daulettoleugazy/Desktop/KBTU/QA/Assignment2/resources/browserstack.py", line 1, in &lt;module&gt;
    from browserstack_credentials import USER_NAME, ACCESS_KEY
PYTHONPATH:
  /Users/daulettoleugazy/Desktop/KBTU/QA/Assignment2/resources
  /opt/anaconda3/bin
  /opt/anaconda3/lib/python313.zip
  /opt/anaconda3/lib/python3.13
  /opt/anaconda3/lib/python3.13/lib-dynload
  /opt/anaconda3/lib/python3.13/site-packages
  /opt/anaconda3/lib/python3.13/site-packages/aeosa</msg>
<msg time="2025-11-17T11:43:13.310223" level="ERROR">Error in file '/Users/daulettoleugazy/Desktop/KBTU/QA/Assignment2/resources/resources.robot' on line 5: Processing variable file '/Users/daulettoleugazy/Desktop/KBTU/QA/Assignment2/resources/browserstack.py' failed: Importing variable file '/Users/daulettoleugazy/Desktop/KBTU/QA/Assignment2/resources/browserstack.py' failed: ImportError: cannot import name 'USER_NAME' from 'browserstack_credentials' (/Users/daulettoleugazy/Desktop/KBTU/QA/Assignment2/resources/browserstack_credentials.py)
Traceback (most recent call last):
  File "/Users/daulettoleugazy/Desktop/KBTU/QA/Assignment2/resources/browserstack.py", line 1, in &lt;module&gt;
    from browserstack_credentials import USER_NAME, ACCESS_KEY
PYTHONPATH:
  /Users/daulettoleugazy/Desktop/KBTU/QA/Assignment2/resources
  /opt/anaconda3/bin
  /opt/anaconda3/lib/python313.zip
  /opt/anaconda3/lib/python3.13
  /opt/anaconda3/lib/python3.13/lib-dynload
  /opt/anaconda3/lib/python3.13/site-packages
  /opt/anaconda3/lib/python3.13/site-packages/aeosa</msg>
<msg time="2025-11-17T11:43:13.313997" level="ERROR">Error in file '/Users/daulettoleugazy/Desktop/KBTU/QA/Assignment2/resources/resources.robot' on line 5: Processing variable file '/Users/daulettoleugazy/Desktop/KBTU/QA/Assignment2/resources/browserstack.py' failed: Importing variable file '/Users/daulettoleugazy/Desktop/KBTU/QA/Assignment2/resources/browserstack.py' failed: ImportError: cannot import name 'USER_NAME' from 'browserstack_credentials' (/Users/daulettoleugazy/Desktop/KBTU/QA/Assignment2/resources/browserstack_credentials.py)
Traceback (most recent call last):
  File "/Users/daulettoleugazy/Desktop/KBTU/QA/Assignment2/resources/browserstack.py", line 1, in &lt;module&gt;
    from browserstack_credentials import USER_NAME, ACCESS_KEY
PYTHONPATH:
  /Users/daulettoleugazy/Desktop/KBTU/QA/Assignment2/resources
  /opt/anaconda3/bin
  /opt/anaconda3/lib/python313.zip
  /opt/anaconda3/lib/python3.13
  /opt/anaconda3/lib/python3.13/lib-dynload
  /opt/anaconda3/lib/python3.13/site-packages
  /opt/anaconda3/lib/python3.13/site-packages/aeosa</msg>
</errors>
</robot>
